[FAILED] Tried: 123456
[FAILED] Tried: 12345
[FAILED] Tried: 123456789
[FAILED] Tried: password
[FAILED] Tried: iloveyou
[FAILED] Tried: princess
[FAILED] Tried: 1234567
[FAILED] Tried: rockyou
[FAILED] Tried: 12345678
[FAILED] Tried: abc123
[FAILED] Tried: nicole
[FAILED] Tried: daniel
[FAILED] Tried: babygirl
[FAILED] Tried: monkey
[FAILED] Tried: lovely
[FAILED] Tried: jessica
[FAILED] Tried: 654321
[FAILED] Tried: michael
[FAILED] Tried: ashley
[FAILED] Tried: qwerty
[FAILED] Tried: 111111
[FAILED] Tried: iloveu
[FAILED] Tried: 000000
[FAILED] Tried: michelle
[FAILED] Tried: tigger
[FAILED] Tried: sunshine
[FAILED] Tried: chocolate
[FAILED] Tried: password1
[FAILED] Tried: soccer
[FAILED] Tried: anthony
[FAILED] Tried: friends
[FAILED] Tried: butterfly
[FAILED] Tried: purple
[FAILED] Tried: angel
[FAILED] Tried: jordan
[FAILED] Tried: liverpool
[FAILED] Tried: justin
[FAILED] Tried: loveme
[FAILED] Tried: fuckyou
[FAILED] Tried: 123123
[FAILED] Tried: football
[FAILED] Tried: secret
[FAILED] Tried: andrea
[FAILED] Tried: carlos
[FAILED] Tried: jennifer
[FAILED] Tried: joshua
[FAILED] Tried: bubbles
[FAILED] Tried: 1234567890
[FAILED] Tried: superman
[FAILED] Tried: hannah
[FAILED] Tried: amanda
[FAILED] Tried: loveyou
[FAILED] Tried: pretty
[FAILED] Tried: basketball
[FAILED] Tried: andrew
[FAILED] Tried: angels
[FAILED] Tried: tweety
[FAILED] Tried: flower
[FAILED] Tried: playboy
[FAILED] Tried: hello
[FAILED] Tried: elizabeth
[FAILED] Tried: hottie
[FAILED] Tried: tinkerbell
[FAILED] Tried: charlie
[FAILED] Tried: samantha
[FAILED] Tried: barbie
[FAILED] Tried: chelsea
[FAILED] Tried: lovers
[FAILED] Tried: teamo
[FAILED] Tried: jasmine
[FAILED] Tried: brandon
[FAILED] Tried: 666666
[FAILED] Tried: shadow
[FAILED] Tried: melissa
[FAILED] Tried: eminem
[FAILED] Tried: matthew
[FAILED] Tried: robert
[FAILED] Tried: danielle
[FAILED] Tried: forever
[FAILED] Tried: family
[FAILED] Tried: jonathan
[FAILED] Tried: 987654321
[FAILED] Tried: computer
[FAILED] Tried: whatever
[FAILED] Tried: dragon
[FAILED] Tried: vanessa
[FAILED] Tried: cookie
[FAILED] Tried: naruto
[FAILED] Tried: summer
[FAILED] Tried: sweety
[FAILED] Tried: spongebob
[FAILED] Tried: joseph
[FAILED] Tried: junior
[FAILED] Tried: softball
[FAILED] Tried: taylor
[FAILED] Tried: yellow
[FAILED] Tried: daniela
[FAILED] Tried: lauren
[FAILED] Tried: mickey
[FAILED] Tried: princesa
[FAILED] Tried: alexandra
[FAILED] Tried: alexis
[FAILED] Tried: jesus
[FAILED] Tried: estrella
[FAILED] Tried: miguel
[FAILED] Tried: william
[FAILED] Tried: thomas
[FAILED] Tried: beautiful
[FAILED] Tried: mylove
[FAILED] Tried: angela
[FAILED] Tried: poohbear
[FAILED] Tried: patrick
[FAILED] Tried: iloveme
[FAILED] Tried: sakura
[FAILED] Tried: adrian
[FAILED] Tried: alexander
[FAILED] Tried: destiny
[FAILED] Tried: christian
[FAILED] Tried: 121212
[FAILED] Tried: sayang
[FAILED] Tried: america
[FAILED] Tried: dancer
[FAILED] Tried: monica
[FAILED] Tried: richard
[FAILED] Tried: 112233
[FAILED] Tried: princess1
[FAILED] Tried: 555555
[FAILED] Tried: diamond
[FAILED] Tried: carolina
[FAILED] Tried: steven
[FAILED] Tried: rangers
[FAILED] Tried: louise
[FAILED] Tried: orange
[FAILED] Tried: 789456
[FAILED] Tried: 999999
[FAILED] Tried: shorty
[FAILED] Tried: 11111
[FAILED] Tried: nathan
[FAILED] Tried: snoopy
[FAILED] Tried: gabriel
[FAILED] Tried: hunter
[FAILED] Tried: cherry
[FAILED] Tried: killer
[FAILED] Tried: sandra
[FAILED] Tried: alejandro
[FAILED] Tried: buster
[FAILED] Tried: george
[FAILED] Tried: brittany
[FAILED] Tried: alejandra
[FAILED] Tried: patricia
[FAILED] Tried: rachel
[FAILED] Tried: tequiero
[FAILED] Tried: 7777777
[FAILED] Tried: cheese
[FAILED] Tried: 159753
[FAILED] Tried: arsenal
[FAILED] Tried: dolphin
[FAILED] Tried: antonio
[FAILED] Tried: heather
[FAILED] Tried: david
[FAILED] Tried: ginger
[FAILED] Tried: stephanie
[FAILED] Tried: peanut
[FAILED] Tried: blink182
[FAILED] Tried: sweetie
[FAILED] Tried: 222222
Traceback (most recent call last):
  File "/home/ldeb/docker-research/containers/open-webui/results/hydra/hydra-venv/lib/python3.11/site-packages/urllib3/response.py", line 754, in _error_catcher
    yield
  File "/home/ldeb/docker-research/containers/open-webui/results/hydra/hydra-venv/lib/python3.11/site-packages/urllib3/response.py", line 879, in _raw_read
    data = self._fp_read(amt, read1=read1) if not fp_closed else b""
           ^^^^^^^^^^^^^^^^^^^^^^^^^^^^^^^
  File "/home/ldeb/docker-research/containers/open-webui/results/hydra/hydra-venv/lib/python3.11/site-packages/urllib3/response.py", line 862, in _fp_read
    return self._fp.read(amt) if amt is not None else self._fp.read()
           ^^^^^^^^^^^^^^^^^^
  File "/usr/lib/python3.11/http/client.py", line 465, in read
    s = self.fp.read(amt)
        ^^^^^^^^^^^^^^^^^
  File "/usr/lib/python3.11/socket.py", line 706, in readinto
    return self._sock.recv_into(b)
           ^^^^^^^^^^^^^^^^^^^^^^^
ConnectionResetError: [Errno 104] Connection reset by peer

The above exception was the direct cause of the following exception:

Traceback (most recent call last):
  File "/home/ldeb/docker-research/containers/open-webui/results/hydra/hydra-venv/lib/python3.11/site-packages/requests/models.py", line 820, in generate
    yield from self.raw.stream(chunk_size, decode_content=True)
  File "/home/ldeb/docker-research/containers/open-webui/results/hydra/hydra-venv/lib/python3.11/site-packages/urllib3/response.py", line 1066, in stream
    data = self.read(amt=amt, decode_content=decode_content)
           ^^^^^^^^^^^^^^^^^^^^^^^^^^^^^^^^^^^^^^^^^^^^^^^^^
  File "/home/ldeb/docker-research/containers/open-webui/results/hydra/hydra-venv/lib/python3.11/site-packages/urllib3/response.py", line 955, in read
    data = self._raw_read(amt)
           ^^^^^^^^^^^^^^^^^^^
  File "/home/ldeb/docker-research/containers/open-webui/results/hydra/hydra-venv/lib/python3.11/site-packages/urllib3/response.py", line 878, in _raw_read
    with self._error_catcher():
  File "/usr/lib/python3.11/contextlib.py", line 155, in __exit__
    self.gen.throw(typ, value, traceback)
  File "/home/ldeb/docker-research/containers/open-webui/results/hydra/hydra-venv/lib/python3.11/site-packages/urllib3/response.py", line 781, in _error_catcher
    raise ProtocolError(f"Connection broken: {e!r}", e) from e
urllib3.exceptions.ProtocolError: ("Connection broken: ConnectionResetError(104, 'Connection reset by peer')", ConnectionResetError(104, 'Connection reset by peer'))

During handling of the above exception, another exception occurred:

Traceback (most recent call last):
  File "/home/ldeb/docker-research/containers/portainer/results/hydra/hydra.py", line 16, in <module>
    response = requests.post(url, json=data, headers=headers)
               ^^^^^^^^^^^^^^^^^^^^^^^^^^^^^^^^^^^^^^^^^^^^^^
  File "/home/ldeb/docker-research/containers/open-webui/results/hydra/hydra-venv/lib/python3.11/site-packages/requests/api.py", line 115, in post
    return request("post", url, data=data, json=json, **kwargs)
           ^^^^^^^^^^^^^^^^^^^^^^^^^^^^^^^^^^^^^^^^^^^^^^^^^^^^
  File "/home/ldeb/docker-research/containers/open-webui/results/hydra/hydra-venv/lib/python3.11/site-packages/requests/api.py", line 59, in request
    return session.request(method=method, url=url, **kwargs)
           ^^^^^^^^^^^^^^^^^^^^^^^^^^^^^^^^^^^^^^^^^^^^^^^^^
  File "/home/ldeb/docker-research/containers/open-webui/results/hydra/hydra-venv/lib/python3.11/site-packages/requests/sessions.py", line 589, in request
    resp = self.send(prep, **send_kwargs)
           ^^^^^^^^^^^^^^^^^^^^^^^^^^^^^^
  File "/home/ldeb/docker-research/containers/open-webui/results/hydra/hydra-venv/lib/python3.11/site-packages/requests/sessions.py", line 746, in send
    r.content
  File "/home/ldeb/docker-research/containers/open-webui/results/hydra/hydra-venv/lib/python3.11/site-packages/requests/models.py", line 902, in content
    self._content = b"".join(self.iter_content(CONTENT_CHUNK_SIZE)) or b""
                    ^^^^^^^^^^^^^^^^^^^^^^^^^^^^^^^^^^^^^^^^^^^^^^^
  File "/home/ldeb/docker-research/containers/open-webui/results/hydra/hydra-venv/lib/python3.11/site-packages/requests/models.py", line 822, in generate
    raise ChunkedEncodingError(e)
requests.exceptions.ChunkedEncodingError: ("Connection broken: ConnectionResetError(104, 'Connection reset by peer')", ConnectionResetError(104, 'Connection reset by peer'))
